Assuming unrestricted shared filesystem usage.
host: Bushras-MacBook-Pro.local
Building DAG of jobs...
Using shell: /bin/bash
Provided cores: 1 (use --cores to define parallelism)
Rules claiming more threads will be scaled down.
Job stats:
job                        count
-----------------------  -------
all                            1
make_plots                     1
merge_zip                      1
select_clean_rat               1
select_clean_restaurant        1
summary_and_findings           1
total                          6

Select jobs to execute...
Execute 1 jobs...
[Tue Dec  9 13:10:51 2025]
localrule select_clean_rat:
    input: data/clean/Rat-cleaned(in).csv
    output: data/clean/cleaned_rat.csv
    jobid: 1
    reason: Code has changed since last execution
    resources: tmpdir=/var/folders/7b/6wwyx3l14hg_t5khjl_5f9th0000gn/T
Select jobs to execute...
[Tue Dec  9 13:10:53 2025]
Finished jobid: 1 (Rule: select_clean_rat)
1 of 6 steps (17%) done
Execute 1 jobs...
[Tue Dec  9 13:10:53 2025]
localrule select_clean_restaurant:
    input: data/clean/NYC-cleaned(in).csv
    output: data/clean/cleaned_restaurant.csv
    jobid: 2
    reason: Code has changed since last execution
    resources: tmpdir=/var/folders/7b/6wwyx3l14hg_t5khjl_5f9th0000gn/T
[Tue Dec  9 13:10:56 2025]
Finished jobid: 2 (Rule: select_clean_restaurant)
2 of 6 steps (33%) done
Select jobs to execute...
Execute 1 jobs...
[Tue Dec  9 13:10:56 2025]
localrule merge_zip:
    input: data/clean/cleaned_rat.csv, data/clean/cleaned_restaurant.csv
    output: data/processed/merged_df.csv
    jobid: 3
    reason: Input files updated by another job: data/clean/cleaned_rat.csv, data/clean/cleaned_restaurant.csv
    resources: tmpdir=/var/folders/7b/6wwyx3l14hg_t5khjl_5f9th0000gn/T
[Tue Dec  9 13:10:57 2025]
Finished jobid: 3 (Rule: merge_zip)
3 of 6 steps (50%) done
Select jobs to execute...
Execute 2 jobs...
[Tue Dec  9 13:10:57 2025]
localrule summary_and_findings:
    input: data/processed/merged_df.csv
    output: results/summary_stats.csv, results/corr_matrix.csv
    jobid: 4
    reason: Input files updated by another job: data/processed/merged_df.csv
    resources: tmpdir=/var/folders/7b/6wwyx3l14hg_t5khjl_5f9th0000gn/T
[Tue Dec  9 13:10:57 2025]
localrule make_plots:
    input: data/processed/merged_df.csv
    output: figures/rat_sightings_per_zip.png, figures/avg_score_by_zip.png, figures/rat_vs_critical.png, figures/corr_heatmap.png, figures/rat_vs_avg_score.png
    jobid: 5
    reason: Input files updated by another job: data/processed/merged_df.csv
    resources: tmpdir=/var/folders/7b/6wwyx3l14hg_t5khjl_5f9th0000gn/T
[Tue Dec  9 13:10:57 2025]
Finished jobid: 4 (Rule: summary_and_findings)
4 of 6 steps (67%) done
[Tue Dec  9 13:10:59 2025]
Finished jobid: 5 (Rule: make_plots)
5 of 6 steps (83%) done
Select jobs to execute...
Execute 1 jobs...
[Tue Dec  9 13:10:59 2025]
localrule all:
    input: data/clean/cleaned_rat.csv, data/clean/cleaned_restaurant.csv, data/processed/merged_df.csv, results/summary_stats.csv, results/corr_matrix.csv, figures/rat_sightings_per_zip.png, figures/avg_score_by_zip.png, figures/rat_vs_critical.png, figures/corr_heatmap.png, figures/rat_vs_avg_score.png
    jobid: 0
    reason: Input files updated by another job: data/processed/merged_df.csv, figures/rat_vs_critical.png, figures/avg_score_by_zip.png, data/clean/cleaned_rat.csv, data/clean/cleaned_restaurant.csv, results/summary_stats.csv, results/corr_matrix.csv, figures/rat_sightings_per_zip.png, figures/rat_vs_avg_score.png, figures/corr_heatmap.png
    resources: tmpdir=/var/folders/7b/6wwyx3l14hg_t5khjl_5f9th0000gn/T
[Tue Dec  9 13:10:59 2025]
Finished jobid: 0 (Rule: all)
6 of 6 steps (100%) done
Complete log(s): /Users/bushralat/Desktop/IS477 Workflow/.snakemake/log/2025-12-09T131051.083403.snakemake.log
