Assuming unrestricted shared filesystem usage.
host: Bushras-MacBook-Pro.local
Building DAG of jobs...
Using shell: /bin/bash
Provided cores: 1 (use --cores to define parallelism)
Rules claiming more threads will be scaled down.
Job stats:
job                     count
--------------------  -------
all                         1
make_plots                  1
merge_zip                   1
summary_and_findings        1
total                       4

Select jobs to execute...
Execute 1 jobs...
[Tue Dec  9 19:52:26 2025]
localrule merge_zip:
    input: data/clean/cleaned_rat.csv, data/clean/cleaned_restaurant.csv
    output: data/merged/merged_df.csv
    jobid: 5
    reason: Missing output files: data/merged/merged_df.csv
    resources: tmpdir=/var/folders/7b/6wwyx3l14hg_t5khjl_5f9th0000gn/T
[Tue Dec  9 19:52:28 2025]
Finished jobid: 5 (Rule: merge_zip)
1 of 4 steps (25%) done
Select jobs to execute...
Execute 2 jobs...
[Tue Dec  9 19:52:28 2025]
localrule summary_and_findings:
    input: data/merged/merged_df.csv
    output: results/summary_stats.csv, results/corr_matrix.csv
    jobid: 6
    reason: Missing output files: results/corr_matrix.csv, results/summary_stats.csv; Input files updated by another job: data/merged/merged_df.csv
    resources: tmpdir=/var/folders/7b/6wwyx3l14hg_t5khjl_5f9th0000gn/T
[Tue Dec  9 19:52:28 2025]
localrule make_plots:
    input: data/merged/merged_df.csv
    output: figures/rat_sightings_per_zip.png, figures/avg_score_by_zip.png, figures/rat_vs_critical.png, figures/corr_heatmap.png, figures/rat_vs_avg_score.png
    jobid: 7
    reason: Missing output files: figures/rat_vs_avg_score.png, figures/corr_heatmap.png, figures/avg_score_by_zip.png, figures/rat_sightings_per_zip.png, figures/rat_vs_critical.png; Input files updated by another job: data/merged/merged_df.csv
    resources: tmpdir=/var/folders/7b/6wwyx3l14hg_t5khjl_5f9th0000gn/T
[Tue Dec  9 19:52:29 2025]
Finished jobid: 6 (Rule: summary_and_findings)
2 of 4 steps (50%) done
[Tue Dec  9 19:52:31 2025]
Finished jobid: 7 (Rule: make_plots)
3 of 4 steps (75%) done
Select jobs to execute...
Execute 1 jobs...
[Tue Dec  9 19:52:31 2025]
localrule all:
    input: data/clean/cleaned_rat.csv, data/clean/cleaned_restaurant.csv, data/merged/merged_df.csv, results/summary_stats.csv, results/corr_matrix.csv, figures/rat_sightings_per_zip.png, figures/avg_score_by_zip.png, figures/rat_vs_critical.png, figures/corr_heatmap.png, figures/rat_vs_avg_score.png
    jobid: 0
    reason: Input files updated by another job: figures/rat_vs_avg_score.png, figures/corr_heatmap.png, figures/avg_score_by_zip.png, data/merged/merged_df.csv, figures/rat_sightings_per_zip.png, results/corr_matrix.csv, figures/rat_vs_critical.png, results/summary_stats.csv
    resources: tmpdir=/var/folders/7b/6wwyx3l14hg_t5khjl_5f9th0000gn/T
[Tue Dec  9 19:52:31 2025]
Finished jobid: 0 (Rule: all)
4 of 4 steps (100%) done
Complete log(s): /Users/bushralat/Desktop/TheFAIRies Workflow/.snakemake/log/2025-12-09T195226.407522.snakemake.log
